old: len(symop)=48

t:
[[1. 0. 0.]
 [0. 1. 0.]
 [0. 0. 1.]]
tau
[0. 0. 0.], Rot:
[[-1.  0.  0.]
 [ 0. -1.  0.]
 [ 0.  0. -1.]]
tau
[0. 0. 0.], Rot:
[[ 0. -1.  0.]
 [ 0.  0. -1.]
 [ 1.  1.  1.]]
tau
[0. 0. 0.], Rot:
[[ 0.  1.  0.]
 [ 0.  0.  1.]
 [-1. -1. -1.]]
tau
[0. 0. 0.], Rot:
[[ 0.  0.  1.]
 [-1. -1. -1.]
 [ 1.  0.  0.]]
tau
[0. 0. 0.], Rot:
[[ 0.  0. -1.]
 [ 1.  1.  1.]
 [-1.  0.  0.]]
tau
[0. 0. 0.], Rot:
[[ 1.  1.  1.]
 [-1.  0.  0.]
 [ 0. -1.  0.]]
tau
[0. 0. 0.], Rot:
[[-1. -1. -1.]
 [ 1.  0.  0.]
 [ 0.  1.  0.]]
tau
[0. 0. 0.], Rot:
[[-1. -1. -1.]
 [ 0.  0.  1.]
 [ 0.  1.  0.]]
tau
[0. 0. 0.], Rot:
[[ 1.  1.  1.]
 [ 0.  0. -1.]
 [ 0. -1.  0.]]
tau
[0. 0. 0.], Rot:
[[-1.  0.  0.]
 [ 1.  1.  1.]
 [ 0.  0. -1.]]
tau
[0. 0. 0.], Rot:
[[ 1.  0.  0.]
 [-1. -1. -1.]
 [ 0.  0.  1.]]
tau
[0. 0. 0.], Rot:
[[ 0.  1.  0.]
 [ 1.  0.  0.]
 [-1. -1. -1.]]
tau
[0. 0. 0.], Rot:
[[ 0. -1.  0.]
 [-1.  0.  0.]
 [ 1.  1.  1.]]
tau
[0. 0. 0.], Rot:
[[ 0.  0. -1.]
 [ 0. -1.  0.]
 [-1.  0.  0.]]
tau
[0. 0. 0.], Rot:
[[0. 0. 1.]
 [0. 1. 0.]
 [1. 0. 0.]]
tau
[0. 0. 0.], Rot:
[[-1. -1. -1.]
 [ 1.  0.  0.]
 [ 0.  0.  1.]]
tau
[0. 0. 0.], Rot:
[[ 1.  1.  1.]
 [-1.  0.  0.]
 [ 0.  0. -1.]]
tau
[0. 0. 0.], Rot:
[[-1.  0.  0.]
 [ 0. -1.  0.]
 [ 1.  1.  1.]]
tau
[0. 0. 0.], Rot:
[[ 1.  0.  0.]
 [ 0.  1.  0.]
 [-1. -1. -1.]]
tau
[0. 0. 0.], Rot:
[[0. 1. 0.]
 [0. 0. 1.]
 [1. 0. 0.]]
tau
[0. 0. 0.], Rot:
[[ 0. -1.  0.]
 [ 0.  0. -1.]
 [-1.  0.  0.]]
tau
[0. 0. 0.], Rot:
[[ 0.  0. -1.]
 [ 1.  1.  1.]
 [ 0. -1.  0.]]
tau
[0. 0. 0.], Rot:
[[ 0.  0.  1.]
 [-1. -1. -1.]
 [ 0.  1.  0.]]
tau
[0. 0. 0.], Rot:
[[ 1.  0.  0.]
 [-1. -1. -1.]
 [ 0.  1.  0.]]
tau
[0. 0. 0.], Rot:
[[-1.  0.  0.]
 [ 1.  1.  1.]
 [ 0. -1.  0.]]
tau
[0. 0. 0.], Rot:
[[ 0. -1.  0.]
 [-1.  0.  0.]
 [ 0.  0. -1.]]
tau
[0. 0. 0.], Rot:
[[0. 1. 0.]
 [1. 0. 0.]
 [0. 0. 1.]]
tau
[0. 0. 0.], Rot:
[[ 0.  0.  1.]
 [ 0.  1.  0.]
 [-1. -1. -1.]]
tau
[0. 0. 0.], Rot:
[[ 0.  0. -1.]
 [ 0. -1.  0.]
 [ 1.  1.  1.]]
tau
[0. 0. 0.], Rot:
[[ 1.  1.  1.]
 [ 0.  0. -1.]
 [-1.  0.  0.]]
tau
[0. 0. 0.], Rot:
[[-1. -1. -1.]
 [ 0.  0.  1.]
 [ 1.  0.  0.]]
tau
[0. 0. 0.], Rot:
[[ 0.  1.  0.]
 [-1. -1. -1.]
 [ 0.  0.  1.]]
tau
[0. 0. 0.], Rot:
[[ 0. -1.  0.]
 [ 1.  1.  1.]
 [ 0.  0. -1.]]
tau
[0. 0. 0.], Rot:
[[ 0.  0. -1.]
 [-1.  0.  0.]
 [ 1.  1.  1.]]
tau
[0. 0. 0.], Rot:
[[ 0.  0.  1.]
 [ 1.  0.  0.]
 [-1. -1. -1.]]
tau
[0. 0. 0.], Rot:
[[-1. -1. -1.]
 [ 0.  1.  0.]
 [ 1.  0.  0.]]
tau
[0. 0. 0.], Rot:
[[ 1.  1.  1.]
 [ 0. -1.  0.]
 [-1.  0.  0.]]
tau
[0. 0. 0.], Rot:
[[-1.  0.  0.]
 [ 0.  0. -1.]
 [ 0. -1.  0.]]
tau
[0. 0. 0.], Rot:
[[1. 0. 0.]
 [0. 0. 1.]
 [0. 1. 0.]]
tau
[0. 0. 0.], Rot:
[[0. 0. 1.]
 [1. 0. 0.]
 [0. 1. 0.]]
tau
[0. 0. 0.], Rot:
[[ 0.  0. -1.]
 [-1.  0.  0.]
 [ 0. -1.  0.]]
tau
[0. 0. 0.], Rot:
[[ 1.  1.  1.]
 [ 0. -1.  0.]
 [ 0.  0. -1.]]
tau
[0. 0. 0.], Rot:
[[-1. -1. -1.]
 [ 0.  1.  0.]
 [ 0.  0.  1.]]
tau
[0. 0. 0.], Rot:
[[ 1.  0.  0.]
 [ 0.  0.  1.]
 [-1. -1. -1.]]
tau
[0. 0. 0.], Rot:
[[-1.  0.  0.]
 [ 0.  0. -1.]
 [ 1.  1.  1.]]
tau
[0. 0. 0.], Rot:
[[ 0. -1.  0.]
 [ 1.  1.  1.]
 [-1.  0.  0.]]
tau
[0. 0. 0.], Rot:
[[ 0.  1.  0.]
 [-1. -1. -1.]
 [ 1.  0.  0.]]
tau
[0. 0. 0.]]

new:([[0,0,2],[0,2,-1],[3,2,-1]]) size:12 len(symop)=24
[Rot:
[[1. 0. 0.]
 [0. 1. 0.]
 [0. 0. 1.]]
tau
[0. 0. 0.], Rot:
[[-1.  0.  0.]
 [ 0. -1.  0.]
 [ 0.  0. -1.]]
tau
[0.66666667 0.66666667 0.66666667], Rot:
[[1. 0. 0.]
 [0. 1. 0.]
 [0. 0. 1.]]
tau
[0.66666667 0.66666667 0.66666667], Rot:
[[-1.  0.  0.]
 [ 0. -1.  0.]
 [ 0.  0. -1.]]
tau
[0.33333333 0.33333333 0.33333333], Rot:
[[1. 0. 0.]
 [0. 1. 0.]
 [0. 0. 1.]]
tau
[0.33333333 0.33333333 0.33333333], Rot:
[[-1.  0.  0.]
 [ 0. -1.  0.]
 [ 0.  0. -1.]]
tau
[0. 0. 0.], Rot:
[[1. 0. 0.]
 [0. 1. 0.]
 [0. 0. 1.]]
tau
[0.25 0.5  0.  ], Rot:
[[-1.  0.  0.]
 [ 0. -1.  0.]
 [ 0.  0. -1.]]
tau
[0.91666667 0.16666667 0.66666667], Rot:
[[1. 0. 0.]
 [0. 1. 0.]
 [0. 0. 1.]]
tau
[0.91666667 0.16666667 0.66666667], Rot:
[[-1.  0.  0.]
 [ 0. -1.  0.]
 [ 0.  0. -1.]]
tau
[0.58333333 0.83333333 0.33333333], Rot:
[[1. 0. 0.]
 [0. 1. 0.]
 [0. 0. 1.]]
tau
[0.58333333 0.83333333 0.33333333], Rot:
[[-1.  0.  0.]
 [ 0. -1.  0.]
 [ 0.  0. -1.]]
tau
[0.25 0.5  0.  ], Rot:
[[1. 0. 0.]
 [0. 1. 0.]
 [0. 0. 1.]]
tau
[0.5 0.  0. ], Rot:
[[-1.  0.  0.]
 [ 0. -1.  0.]
 [ 0.  0. -1.]]
tau
[0.16666667 0.66666667 0.66666667], Rot:
[[1. 0. 0.]
 [0. 1. 0.]
 [0. 0. 1.]]
tau
[0.16666667 0.66666667 0.66666667], Rot:
[[-1.  0.  0.]
 [ 0. -1.  0.]
 [ 0.  0. -1.]]
tau
[0.83333333 0.33333333 0.33333333], Rot:
[[1. 0. 0.]
 [0. 1. 0.]
 [0. 0. 1.]]
tau
[0.83333333 0.33333333 0.33333333], Rot:
[[-1.  0.  0.]
 [ 0. -1.  0.]
 [ 0.  0. -1.]]
tau
[0.5 0.  0. ], Rot:
[[1. 0. 0.]
 [0. 1. 0.]
 [0. 0. 1.]]
tau
[0.75 0.5  0.  ], Rot:
[[-1.  0.  0.]
 [ 0. -1.  0.]
 [ 0.  0. -1.]]
tau
[0.41666667 0.16666667 0.66666667], Rot:
[[1. 0. 0.]
 [0. 1. 0.]
 [0. 0. 1.]]
tau
[0.41666667 0.16666667 0.66666667], Rot:
[[-1.  0.  0.]
 [ 0. -1.  0.]
 [ 0.  0. -1.]]
tau
[0.08333333 0.83333333 0.33333333], Rot:
[[1. 0. 0.]
 [0. 1. 0.]
 [0. 0. 1.]]
tau
[0.08333333 0.83333333 0.33333333], Rot:
[[-1.  0.  0.]
 [ 0. -1.  0.]
 [ 0.  0. -1.]]
tau
[0.75 0.5  0.  ]]

